<?xml version="1.0" encoding="UTF-8"?>
<!-- Generated by org.testng.reporters.JUnitXMLReporter -->
<testsuite ignored="0" hostname="LAPTOP-2HGBSJMG" failures="1" tests="1" name="OOPSConceptInPOM-firefox" time="24.837" errors="0" timestamp="2021-09-20T17:15:25 IST">
  <testcase classname="com.test.TC001_End_To_End" name="verifyTC001" time="10.185">
    <failure type="java.lang.NullPointerException">
      <![CDATA[java.lang.NullPointerException
at com.page.LandingPage.clickOnSignIn(LandingPage.java:46)
at com.test.TC001_End_To_End.verifyTC001(TC001_End_To_End.java:22)
at java.base/java.util.concurrent.ThreadPoolExecutor.runWorker(ThreadPoolExecutor.java:1128)
at java.base/java.util.concurrent.ThreadPoolExecutor$Worker.run(ThreadPoolExecutor.java:628)
at java.base/java.lang.Thread.run(Thread.java:834)
... Removed 12 stack frames]]>
    </failure>
  </testcase> <!-- verifyTC001 -->
</testsuite> <!-- OOPSConceptInPOM-firefox -->
