<?xml version="1.0" encoding="UTF-8"?>
<testng-results ignored="0" total="1" passed="0" failed="1" skipped="0">
  <reporter-output>
  </reporter-output>
  <suite started-at="2021-09-20T17:15:01 IST" name="Suite" finished-at="2021-09-20T17:15:25 IST" duration-ms="24837">
    <groups>
    </groups>
    <test started-at="2021-09-20T17:15:01 IST" name="OOPSConceptInPOM-firefox" finished-at="2021-09-20T17:15:25 IST" duration-ms="24837">
      <class name="com.test.TC001_End_To_End">
        <test-method is-config="true" signature="setUp(java.lang.String)[pri:0, instance:com.test.TC001_End_To_End@4e7912d8]" started-at="2021-09-20T17:15:01 IST" name="setUp" finished-at="2021-09-20T17:15:13 IST" duration-ms="12773" status="PASS">
          <params>
            <param index="0">
              <value>
                <![CDATA[chrome]]>
              </value>
            </param>
          </params>
          <reporter-output>
          </reporter-output>
        </test-method> <!-- setUp -->
        <test-method signature="verifyTC001()[pri:0, instance:com.test.TC001_End_To_End@4e7912d8]" started-at="2021-09-20T17:15:13 IST" name="verifyTC001" finished-at="2021-09-20T17:15:24 IST" duration-ms="10185" status="FAIL">
          <exception class="java.lang.NullPointerException">
            <full-stacktrace>
              <![CDATA[java.lang.NullPointerException
at com.page.LandingPage.clickOnSignIn(LandingPage.java:46)
at com.test.TC001_End_To_End.verifyTC001(TC001_End_To_End.java:22)
at java.base/jdk.internal.reflect.NativeMethodAccessorImpl.invoke0(Native Method)
at java.base/jdk.internal.reflect.NativeMethodAccessorImpl.invoke(NativeMethodAccessorImpl.java:62)
at java.base/jdk.internal.reflect.DelegatingMethodAccessorImpl.invoke(DelegatingMethodAccessorImpl.java:43)
at java.base/java.lang.reflect.Method.invoke(Method.java:566)
at org.testng.internal.MethodInvocationHelper.invokeMethod(MethodInvocationHelper.java:133)
at org.testng.internal.TestInvoker.invokeMethod(TestInvoker.java:598)
at org.testng.internal.TestInvoker.invokeTestMethod(TestInvoker.java:173)
at org.testng.internal.MethodRunner.runInSequence(MethodRunner.java:46)
at org.testng.internal.TestInvoker$MethodInvocationAgent.invoke(TestInvoker.java:824)
at org.testng.internal.TestInvoker.invokeTestMethods(TestInvoker.java:146)
at org.testng.internal.TestMethodWorker.invokeTestMethods(TestMethodWorker.java:146)
at org.testng.internal.TestMethodWorker.run(TestMethodWorker.java:128)
at java.base/java.util.concurrent.ThreadPoolExecutor.runWorker(ThreadPoolExecutor.java:1128)
at java.base/java.util.concurrent.ThreadPoolExecutor$Worker.run(ThreadPoolExecutor.java:628)
at java.base/java.lang.Thread.run(Thread.java:834)
]]>
            </full-stacktrace>
          </exception> <!-- java.lang.NullPointerException -->
          <reporter-output>
          </reporter-output>
        </test-method> <!-- verifyTC001 -->
        <test-method is-config="true" signature="tearDown()[pri:0, instance:com.test.TC001_End_To_End@4e7912d8]" started-at="2021-09-20T17:15:24 IST" name="tearDown" finished-at="2021-09-20T17:15:25 IST" duration-ms="1804" status="PASS">
          <reporter-output>
          </reporter-output>
        </test-method> <!-- tearDown -->
      </class> <!-- com.test.TC001_End_To_End -->
    </test> <!-- OOPSConceptInPOM-firefox -->
  </suite> <!-- Suite -->
</testng-results>
