<?xml version="1.0" encoding="UTF-8"?>
<testng-results ignored="0" total="1" passed="1" failed="0" skipped="0">
  <reporter-output>
  </reporter-output>
  <suite started-at="2021-09-20T14:46:07 IST" name="Suite" finished-at="2021-09-20T14:47:07 IST" duration-ms="60209">
    <groups>
    </groups>
    <test started-at="2021-09-20T14:46:07 IST" name="OOPSConceptInPOM-firefox" finished-at="2021-09-20T14:47:07 IST" duration-ms="60209">
      <class name="com.test.TC001_End_To_End">
        <test-method is-config="true" signature="setUp(java.lang.String)[pri:0, instance:com.test.TC001_End_To_End@2053d869]" started-at="2021-09-20T14:46:07 IST" name="setUp" finished-at="2021-09-20T14:46:24 IST" duration-ms="16492" status="PASS">
          <params>
            <param index="0">
              <value>
                <![CDATA[chrome]]>
              </value>
            </param>
          </params>
          <reporter-output>
          </reporter-output>
        </test-method> <!-- setUp -->
        <test-method signature="verifyTC001()[pri:0, instance:com.test.TC001_End_To_End@2053d869]" started-at="2021-09-20T14:46:24 IST" name="verifyTC001" finished-at="2021-09-20T14:47:06 IST" duration-ms="42746" status="PASS">
          <reporter-output>
          </reporter-output>
        </test-method> <!-- verifyTC001 -->
        <test-method is-config="true" signature="tearDown()[pri:0, instance:com.test.TC001_End_To_End@2053d869]" started-at="2021-09-20T14:47:07 IST" name="tearDown" finished-at="2021-09-20T14:47:07 IST" duration-ms="911" status="PASS">
          <reporter-output>
          </reporter-output>
        </test-method> <!-- tearDown -->
      </class> <!-- com.test.TC001_End_To_End -->
    </test> <!-- OOPSConceptInPOM-firefox -->
  </suite> <!-- Suite -->
</testng-results>
